IR Com
12:39:32.02 +21:08:06.2
HMJD linear 49485.98193 0.00002 0.0870386706 0.0000000030

SDSS J1021+1744
10:21:02.25 +17:44:39.9
BMJD linear 56093.90557 0.00012 0.140358598 0.000000030

CSS 21055
14:11:26.20 +20:09:11.1
BMJD linear 55991.388717 0.000002 0.0845327526 0.0000000013

CSS 080502
09:08:12.06 +06:04:21.1
BMJD linear 53466.3331701 0.0000356 0.1494381329 0.0000000027

WASP1028
10:28:15.06 +25:34:24.9
BMJD linear 53466.3331701 0.0000356 2.989588 0.0000027

WD 1333+005
13:36:16.05 +00:17:31.9
BMJD linear 55611.476670 0.000002 0.1219587735 0.0000000007

SDSS J1123-1155
11:23:08.40 -11:55:59.3
BMJD linear 56685.7895989 0.0000086 0.7691358 0.0000014

SDSS J1057+1307
10:57:56.93 +13:07:03.5
BMJD linear 56010.06221 0.00014 0.125162238 0.000000003

CSS 21357
13:48:41.61 +18:34:10.5
BMJD linear 56000.161911 0.000006 0.248431787 0.000000002

SDSS J1028+0931
10:28:57.78 +09:31:29.8
BMJD linear 56001.093514 0.000009 0.235025694 0.000000006

CSS 40190
08:38:45.86 +19:14:16.5
BMJD linear 53469.219948 0.000023 0.1301123233 0.0000000014

SDSS J1228+1040
12:28:59.930 +10:40:33.01
null

GW Lib
15:19:55.28 -25:00:24.4
null

V485 Cen
12:57:23.13 -33:12:05.7
HJD linear 2448988.20980 0.00027 0.040995001 0.000000044

SDSS J1548+4057
15 48 46.0 +40 57 28.8
BMJD linear 54592.07295 0.00003 0.185515295 0.000000005

